<?xml version="1.0" encoding="UTF-8"?>
<!-- Generated by org.testng.reporters.JUnitReportReporter -->
<testsuite hostname="LAPTOP-VTR22OTJ" failures="0" tests="1" name="com.mystore.testcases.HomePageTest" time="20.223" errors="0" timestamp="2022-08-25T18:26:32 IST" skipped="0">
  <testcase classname="com.mystore.testcases.HomePageTest" name="wishListTest" time="20.223"/>
  <system-out/>
</testsuite> <!-- com.mystore.testcases.HomePageTest -->
