<?xml version="1.0" encoding="UTF-8"?>
<!-- Generated by org.testng.reporters.JUnitReportReporter -->
<testsuite hostname="LAPTOP-VTR22OTJ" failures="0" tests="1" name="com.mystore.testcases.LoginPageTest" time="20.933" errors="0" timestamp="2022-08-25T18:26:32 IST" skipped="0">
  <testcase classname="com.mystore.testcases.LoginPageTest" name="loginTest" time="20.933"/>
  <system-out/>
</testsuite> <!-- com.mystore.testcases.LoginPageTest -->
